0 info it worked if it ends with ok
1 verbose cli [ '/usr/bin/nodejs', '/usr/bin/npm', 'install', 'sleep' ]
2 info using npm@3.5.2
3 info using node@v4.2.6
4 silly loadCurrentTree Starting
5 silly install loadCurrentTree
6 silly install readLocalPackageData
7 silly fetchPackageMetaData sleep
8 silly fetchNamedPackageData sleep
9 silly mapToRegistry name sleep
10 silly mapToRegistry using default registry
11 silly mapToRegistry registry https://registry.npmjs.org/
12 silly mapToRegistry uri https://registry.npmjs.org/sleep
13 verbose request uri https://registry.npmjs.org/sleep
14 verbose request no auth needed
15 info attempt registry request try #1 at 4:33:31 PM
16 verbose request id e4cc63f92170ef29
17 verbose etag W/"58f4dafe-56ea"
18 verbose lastModified Mon, 17 Apr 2017 15:10:54 GMT
19 http request GET https://registry.npmjs.org/sleep
20 http 304 https://registry.npmjs.org/sleep
21 verbose headers { date: 'Wed, 07 Jun 2017 20:33:31 GMT',
21 verbose headers   via: '1.1 varnish',
21 verbose headers   'cache-control': 'max-age=300',
21 verbose headers   etag: 'W/"58f4dafe-56ea"',
21 verbose headers   age: '171',
21 verbose headers   connection: 'keep-alive',
21 verbose headers   'x-served-by': 'cache-jfk8121-JFK',
21 verbose headers   'x-cache': 'HIT',
21 verbose headers   'x-cache-hits': '1',
21 verbose headers   'x-timer': 'S1496867611.358982,VS0,VE0',
21 verbose headers   vary: 'Accept-Encoding' }
22 silly get cb [ 304,
22 silly get   { date: 'Wed, 07 Jun 2017 20:33:31 GMT',
22 silly get     via: '1.1 varnish',
22 silly get     'cache-control': 'max-age=300',
22 silly get     etag: 'W/"58f4dafe-56ea"',
22 silly get     age: '171',
22 silly get     connection: 'keep-alive',
22 silly get     'x-served-by': 'cache-jfk8121-JFK',
22 silly get     'x-cache': 'HIT',
22 silly get     'x-cache-hits': '1',
22 silly get     'x-timer': 'S1496867611.358982,VS0,VE0',
22 silly get     vary: 'Accept-Encoding' } ]
23 verbose etag https://registry.npmjs.org/sleep from cache
24 verbose get saving sleep to /home/criggs/.npm/registry.npmjs.org/sleep/.cache.json
25 silly install normalizeTree
26 silly loadCurrentTree Finishing
27 silly loadIdealTree Starting
28 silly install loadIdealTree
29 silly cloneCurrentTree Starting
30 silly install cloneCurrentTreeToIdealTree
31 silly cloneCurrentTree Finishing
32 silly loadShrinkwrap Starting
33 silly install loadShrinkwrap
34 silly loadShrinkwrap Finishing
35 silly loadAllDepsIntoIdealTree Starting
36 silly install loadAllDepsIntoIdealTree
37 silly resolveWithNewModule sleep@5.1.1 checking installable status
38 silly cache add args [ 'sleep', null ]
39 verbose cache add spec sleep
40 silly cache add parsed spec Result {
40 silly cache add   raw: 'sleep',
40 silly cache add   scope: null,
40 silly cache add   name: 'sleep',
40 silly cache add   rawSpec: '',
40 silly cache add   spec: 'latest',
40 silly cache add   type: 'tag' }
41 silly addNamed sleep@latest
42 verbose addNamed "latest" is being treated as a dist-tag for sleep
43 info addNameTag [ 'sleep', 'latest' ]
44 silly mapToRegistry name sleep
45 silly mapToRegistry using default registry
46 silly mapToRegistry registry https://registry.npmjs.org/
47 silly mapToRegistry uri https://registry.npmjs.org/sleep
48 verbose addNameTag registry:https://registry.npmjs.org/sleep not in flight; fetching
49 verbose get https://registry.npmjs.org/sleep not expired, no request
50 silly addNameTag next cb for sleep with tag latest
51 silly addNamed sleep@5.1.1
52 verbose addNamed "5.1.1" is a plain semver version for sleep
53 silly cache afterAdd sleep@5.1.1
54 verbose afterAdd /home/criggs/.npm/sleep/5.1.1/package/package.json not in flight; writing
55 verbose afterAdd /home/criggs/.npm/sleep/5.1.1/package/package.json written
56 silly fetchNamedPackageData nan
57 silly mapToRegistry name nan
58 silly mapToRegistry using default registry
59 silly mapToRegistry registry https://registry.npmjs.org/
60 silly mapToRegistry uri https://registry.npmjs.org/nan
61 verbose request uri https://registry.npmjs.org/nan
62 verbose request no auth needed
63 info attempt registry request try #1 at 4:33:31 PM
64 verbose etag W/"592dfb8f-1f9f8"
65 verbose lastModified Tue, 30 May 2017 23:09:03 GMT
66 http request GET https://registry.npmjs.org/nan
67 http 304 https://registry.npmjs.org/nan
68 verbose headers { date: 'Wed, 07 Jun 2017 20:33:31 GMT',
68 verbose headers   via: '1.1 varnish',
68 verbose headers   'cache-control': 'max-age=300',
68 verbose headers   etag: 'W/"592dfb8f-1f9f8"',
68 verbose headers   age: '157',
68 verbose headers   connection: 'keep-alive',
68 verbose headers   'x-served-by': 'cache-jfk8147-JFK',
68 verbose headers   'x-cache': 'HIT',
68 verbose headers   'x-cache-hits': '5',
68 verbose headers   'x-timer': 'S1496867612.696072,VS0,VE0',
68 verbose headers   vary: 'Accept-Encoding' }
69 silly get cb [ 304,
69 silly get   { date: 'Wed, 07 Jun 2017 20:33:31 GMT',
69 silly get     via: '1.1 varnish',
69 silly get     'cache-control': 'max-age=300',
69 silly get     etag: 'W/"592dfb8f-1f9f8"',
69 silly get     age: '157',
69 silly get     connection: 'keep-alive',
69 silly get     'x-served-by': 'cache-jfk8147-JFK',
69 silly get     'x-cache': 'HIT',
69 silly get     'x-cache-hits': '5',
69 silly get     'x-timer': 'S1496867612.696072,VS0,VE0',
69 silly get     vary: 'Accept-Encoding' } ]
70 verbose etag https://registry.npmjs.org/nan from cache
71 verbose get saving nan to /home/criggs/.npm/registry.npmjs.org/nan/.cache.json
72 silly resolveWithNewModule nan@2.6.2 checking installable status
73 silly cache add args [ 'nan@>=2.5.1', null ]
74 verbose cache add spec nan@>=2.5.1
75 silly cache add parsed spec Result {
75 silly cache add   raw: 'nan@>=2.5.1',
75 silly cache add   scope: null,
75 silly cache add   name: 'nan',
75 silly cache add   rawSpec: '>=2.5.1',
75 silly cache add   spec: '>=2.5.1',
75 silly cache add   type: 'range' }
76 silly addNamed nan@>=2.5.1
77 verbose addNamed ">=2.5.1" is a valid semver range for nan
78 silly addNameRange { name: 'nan', range: '>=2.5.1', hasData: false }
79 silly mapToRegistry name nan
80 silly mapToRegistry using default registry
81 silly mapToRegistry registry https://registry.npmjs.org/
82 silly mapToRegistry uri https://registry.npmjs.org/nan
83 verbose addNameRange registry:https://registry.npmjs.org/nan not in flight; fetching
84 verbose get https://registry.npmjs.org/nan not expired, no request
85 silly addNameRange number 2 { name: 'nan', range: '>=2.5.1', hasData: true }
86 silly addNameRange versions [ 'nan',
86 silly addNameRange   [ '0.3.0-wip',
86 silly addNameRange     '0.3.0-wip2',
86 silly addNameRange     '0.3.0',
86 silly addNameRange     '0.3.1',
86 silly addNameRange     '0.3.2',
86 silly addNameRange     '0.4.0',
86 silly addNameRange     '0.4.1',
86 silly addNameRange     '0.4.2',
86 silly addNameRange     '0.4.3',
86 silly addNameRange     '0.4.4',
86 silly addNameRange     '0.5.0',
86 silly addNameRange     '0.5.1',
86 silly addNameRange     '0.5.2',
86 silly addNameRange     '0.6.0',
86 silly addNameRange     '0.7.0',
86 silly addNameRange     '0.7.1',
86 silly addNameRange     '0.8.0',
86 silly addNameRange     '1.0.0',
86 silly addNameRange     '1.1.0',
86 silly addNameRange     '1.1.1',
86 silly addNameRange     '1.1.2',
86 silly addNameRange     '1.2.0',
86 silly addNameRange     '1.3.0',
86 silly addNameRange     '1.4.0',
86 silly addNameRange     '1.4.1',
86 silly addNameRange     '1.5.0',
86 silly addNameRange     '1.4.2',
86 silly addNameRange     '1.4.3',
86 silly addNameRange     '1.5.1',
86 silly addNameRange     '1.5.2',
86 silly addNameRange     '1.6.0',
86 silly addNameRange     '1.5.3',
86 silly addNameRange     '1.6.1',
86 silly addNameRange     '1.6.2',
86 silly addNameRange     '1.7.0',
86 silly addNameRange     '1.8.0',
86 silly addNameRange     '1.8.1',
86 silly addNameRange     '1.8.2',
86 silly addNameRange     '1.8.3',
86 silly addNameRange     '1.8.4',
86 silly addNameRange     '1.9.0',
86 silly addNameRange     '2.0.0',
86 silly addNameRange     '2.0.1',
86 silly addNameRange     '2.0.2',
86 silly addNameRange     '2.0.3',
86 silly addNameRange     '2.0.4',
86 silly addNameRange     '2.0.5',
86 silly addNameRange     '2.0.6',
86 silly addNameRange     '2.0.7',
86 silly addNameRange     '2.0.8',
86 silly addNameRange     '2.0.9',
86 silly addNameRange     '2.1.0',
86 silly addNameRange     '2.2.0',
86 silly addNameRange     '2.2.1',
86 silly addNameRange     '2.3.0',
86 silly addNameRange     '2.3.1',
86 silly addNameRange     '2.3.2',
86 silly addNameRange     '2.3.3',
86 silly addNameRange     '2.3.4',
86 silly addNameRange     '2.3.5',
86 silly addNameRange     '2.4.0',
86 silly addNameRange     '2.5.0',
86 silly addNameRange     '2.5.1',
86 silly addNameRange     '2.6.0',
86 silly addNameRange     '2.6.1',
86 silly addNameRange     '2.6.2' ] ]
87 silly addNamed nan@2.6.2
88 verbose addNamed "2.6.2" is a plain semver version for nan
89 silly cache afterAdd nan@2.6.2
90 verbose afterAdd /home/criggs/.npm/nan/2.6.2/package/package.json not in flight; writing
91 verbose afterAdd /home/criggs/.npm/nan/2.6.2/package/package.json written
92 silly loadAllDepsIntoIdealTree Finishing
93 silly idealTree:prePrune fraud-detection@1.0.0
93 silly idealTree:prePrune ├── ajv@4.11.8
93 silly idealTree:prePrune ├── asn1@0.2.3
93 silly idealTree:prePrune ├── assert-plus@0.2.0
93 silly idealTree:prePrune ├── asynckit@0.4.0
93 silly idealTree:prePrune ├── aws-sign2@0.6.0
93 silly idealTree:prePrune ├── aws4@1.6.0
93 silly idealTree:prePrune ├── bcrypt-pbkdf@1.0.1
93 silly idealTree:prePrune ├── boom@2.10.1
93 silly idealTree:prePrune ├── bson@1.0.4
93 silly idealTree:prePrune ├── buffer-shims@1.0.0
93 silly idealTree:prePrune ├── caseless@0.12.0
93 silly idealTree:prePrune ├── co@4.6.0
93 silly idealTree:prePrune ├── combined-stream@1.0.5
93 silly idealTree:prePrune ├── commander@2.9.0
93 silly idealTree:prePrune ├── core-util-is@1.0.2
93 silly idealTree:prePrune ├── cryptiles@2.0.5
93 silly idealTree:prePrune ├─┬ dashdash@1.14.1
93 silly idealTree:prePrune │ └── assert-plus@1.0.0
93 silly idealTree:prePrune ├── deep-extend@0.4.2
93 silly idealTree:prePrune ├── delayed-stream@1.0.0
93 silly idealTree:prePrune ├── ecc-jsbn@0.1.1
93 silly idealTree:prePrune ├── es6-promise@3.2.1
93 silly idealTree:prePrune ├── extend@3.0.1
93 silly idealTree:prePrune ├── extsprintf@1.0.2
93 silly idealTree:prePrune ├── forever-agent@0.6.1
93 silly idealTree:prePrune ├── form-data@2.1.4
93 silly idealTree:prePrune ├─┬ getpass@0.1.7
93 silly idealTree:prePrune │ └── assert-plus@1.0.0
93 silly idealTree:prePrune ├── graceful-readlink@1.0.1
93 silly idealTree:prePrune ├── har-schema@1.0.5
93 silly idealTree:prePrune ├── har-validator@4.2.1
93 silly idealTree:prePrune ├── hawk@3.1.3
93 silly idealTree:prePrune ├── hoek@2.16.3
93 silly idealTree:prePrune ├── http-signature@1.1.1
93 silly idealTree:prePrune ├── inherits@2.0.3
93 silly idealTree:prePrune ├── is-typedarray@1.0.0
93 silly idealTree:prePrune ├── isarray@1.0.0
93 silly idealTree:prePrune ├── isstream@0.1.2
93 silly idealTree:prePrune ├── jodid25519@1.0.2
93 silly idealTree:prePrune ├── jsbn@0.1.1
93 silly idealTree:prePrune ├── json-schema@0.2.3
93 silly idealTree:prePrune ├── json-stable-stringify@1.0.1
93 silly idealTree:prePrune ├── json-stringify-safe@5.0.1
93 silly idealTree:prePrune ├── jsonify@0.0.0
93 silly idealTree:prePrune ├─┬ jsprim@1.4.0
93 silly idealTree:prePrune │ └── assert-plus@1.0.0
93 silly idealTree:prePrune ├── mime-db@1.27.0
93 silly idealTree:prePrune ├── mime-types@2.1.15
93 silly idealTree:prePrune ├── mongodb-core@2.1.12
93 silly idealTree:prePrune ├── mongodb@2.2.28
93 silly idealTree:prePrune ├── nan@2.6.2
93 silly idealTree:prePrune ├── oauth-sign@0.8.2
93 silly idealTree:prePrune ├── performance-now@0.2.0
93 silly idealTree:prePrune ├── process-nextick-args@1.0.7
93 silly idealTree:prePrune ├── punycode@1.4.1
93 silly idealTree:prePrune ├── qs@6.4.0
93 silly idealTree:prePrune ├── readable-stream@2.2.7
93 silly idealTree:prePrune ├── request@2.81.0
93 silly idealTree:prePrune ├── require_optional@1.0.0
93 silly idealTree:prePrune ├── resolve-from@2.0.0
93 silly idealTree:prePrune ├── safe-buffer@5.1.0
93 silly idealTree:prePrune ├── semver@5.3.0
93 silly idealTree:prePrune ├── sentiment@4.0.0
93 silly idealTree:prePrune ├── sleep@5.1.1
93 silly idealTree:prePrune ├── sntp@1.0.9
93 silly idealTree:prePrune ├─┬ sshpk@1.13.0
93 silly idealTree:prePrune │ └── assert-plus@1.0.0
93 silly idealTree:prePrune ├─┬ string_decoder@1.0.2
93 silly idealTree:prePrune │ └── safe-buffer@5.0.1
93 silly idealTree:prePrune ├── stringstream@0.0.5
93 silly idealTree:prePrune ├── tough-cookie@2.3.2
93 silly idealTree:prePrune ├── tunnel-agent@0.6.0
93 silly idealTree:prePrune ├── tweetnacl@0.14.5
93 silly idealTree:prePrune ├── twitter@1.7.0
93 silly idealTree:prePrune ├── urlcode-json@0.0.5
93 silly idealTree:prePrune ├── util-deprecate@1.0.2
93 silly idealTree:prePrune ├── uuid@3.0.1
93 silly idealTree:prePrune └── verror@1.3.6
94 silly loadIdealTree Finishing
95 silly currentTree fraud-detection@1.0.0
95 silly currentTree ├── ajv@4.11.8
95 silly currentTree ├── asn1@0.2.3
95 silly currentTree ├── assert-plus@0.2.0
95 silly currentTree ├── asynckit@0.4.0
95 silly currentTree ├── aws-sign2@0.6.0
95 silly currentTree ├── aws4@1.6.0
95 silly currentTree ├── bcrypt-pbkdf@1.0.1
95 silly currentTree ├── boom@2.10.1
95 silly currentTree ├── bson@1.0.4
95 silly currentTree ├── buffer-shims@1.0.0
95 silly currentTree ├── caseless@0.12.0
95 silly currentTree ├── co@4.6.0
95 silly currentTree ├── combined-stream@1.0.5
95 silly currentTree ├── commander@2.9.0
95 silly currentTree ├── core-util-is@1.0.2
95 silly currentTree ├── cryptiles@2.0.5
95 silly currentTree ├─┬ dashdash@1.14.1
95 silly currentTree │ └── assert-plus@1.0.0
95 silly currentTree ├── deep-extend@0.4.2
95 silly currentTree ├── delayed-stream@1.0.0
95 silly currentTree ├── ecc-jsbn@0.1.1
95 silly currentTree ├── es6-promise@3.2.1
95 silly currentTree ├── extend@3.0.1
95 silly currentTree ├── extsprintf@1.0.2
95 silly currentTree ├── forever-agent@0.6.1
95 silly currentTree ├── form-data@2.1.4
95 silly currentTree ├─┬ getpass@0.1.7
95 silly currentTree │ └── assert-plus@1.0.0
95 silly currentTree ├── graceful-readlink@1.0.1
95 silly currentTree ├── har-schema@1.0.5
95 silly currentTree ├── har-validator@4.2.1
95 silly currentTree ├── hawk@3.1.3
95 silly currentTree ├── hoek@2.16.3
95 silly currentTree ├── http-signature@1.1.1
95 silly currentTree ├── inherits@2.0.3
95 silly currentTree ├── is-typedarray@1.0.0
95 silly currentTree ├── isarray@1.0.0
95 silly currentTree ├── isstream@0.1.2
95 silly currentTree ├── jodid25519@1.0.2
95 silly currentTree ├── jsbn@0.1.1
95 silly currentTree ├── json-schema@0.2.3
95 silly currentTree ├── json-stable-stringify@1.0.1
95 silly currentTree ├── json-stringify-safe@5.0.1
95 silly currentTree ├── jsonify@0.0.0
95 silly currentTree ├─┬ jsprim@1.4.0
95 silly currentTree │ └── assert-plus@1.0.0
95 silly currentTree ├── mime-db@1.27.0
95 silly currentTree ├── mime-types@2.1.15
95 silly currentTree ├── mongodb-core@2.1.12
95 silly currentTree ├── mongodb@2.2.28
95 silly currentTree ├── oauth-sign@0.8.2
95 silly currentTree ├── performance-now@0.2.0
95 silly currentTree ├── process-nextick-args@1.0.7
95 silly currentTree ├── punycode@1.4.1
95 silly currentTree ├── qs@6.4.0
95 silly currentTree ├── readable-stream@2.2.7
95 silly currentTree ├── request@2.81.0
95 silly currentTree ├── require_optional@1.0.0
95 silly currentTree ├── resolve-from@2.0.0
95 silly currentTree ├── safe-buffer@5.1.0
95 silly currentTree ├── semver@5.3.0
95 silly currentTree ├── sentiment@4.0.0
95 silly currentTree ├── sntp@1.0.9
95 silly currentTree ├─┬ sshpk@1.13.0
95 silly currentTree │ └── assert-plus@1.0.0
95 silly currentTree ├─┬ string_decoder@1.0.2
95 silly currentTree │ └── safe-buffer@5.0.1
95 silly currentTree ├── stringstream@0.0.5
95 silly currentTree ├── tough-cookie@2.3.2
95 silly currentTree ├── tunnel-agent@0.6.0
95 silly currentTree ├── tweetnacl@0.14.5
95 silly currentTree ├── twitter@1.7.0
95 silly currentTree ├── urlcode-json@0.0.5
95 silly currentTree ├── util-deprecate@1.0.2
95 silly currentTree ├── uuid@3.0.1
95 silly currentTree └── verror@1.3.6
96 silly idealTree fraud-detection@1.0.0
96 silly idealTree ├── ajv@4.11.8
96 silly idealTree ├── asn1@0.2.3
96 silly idealTree ├── assert-plus@0.2.0
96 silly idealTree ├── asynckit@0.4.0
96 silly idealTree ├── aws-sign2@0.6.0
96 silly idealTree ├── aws4@1.6.0
96 silly idealTree ├── bcrypt-pbkdf@1.0.1
96 silly idealTree ├── boom@2.10.1
96 silly idealTree ├── bson@1.0.4
96 silly idealTree ├── buffer-shims@1.0.0
96 silly idealTree ├── caseless@0.12.0
96 silly idealTree ├── co@4.6.0
96 silly idealTree ├── combined-stream@1.0.5
96 silly idealTree ├── commander@2.9.0
96 silly idealTree ├── core-util-is@1.0.2
96 silly idealTree ├── cryptiles@2.0.5
96 silly idealTree ├─┬ dashdash@1.14.1
96 silly idealTree │ └── assert-plus@1.0.0
96 silly idealTree ├── deep-extend@0.4.2
96 silly idealTree ├── delayed-stream@1.0.0
96 silly idealTree ├── ecc-jsbn@0.1.1
96 silly idealTree ├── es6-promise@3.2.1
96 silly idealTree ├── extend@3.0.1
96 silly idealTree ├── extsprintf@1.0.2
96 silly idealTree ├── forever-agent@0.6.1
96 silly idealTree ├── form-data@2.1.4
96 silly idealTree ├─┬ getpass@0.1.7
96 silly idealTree │ └── assert-plus@1.0.0
96 silly idealTree ├── graceful-readlink@1.0.1
96 silly idealTree ├── har-schema@1.0.5
96 silly idealTree ├── har-validator@4.2.1
96 silly idealTree ├── hawk@3.1.3
96 silly idealTree ├── hoek@2.16.3
96 silly idealTree ├── http-signature@1.1.1
96 silly idealTree ├── inherits@2.0.3
96 silly idealTree ├── is-typedarray@1.0.0
96 silly idealTree ├── isarray@1.0.0
96 silly idealTree ├── isstream@0.1.2
96 silly idealTree ├── jodid25519@1.0.2
96 silly idealTree ├── jsbn@0.1.1
96 silly idealTree ├── json-schema@0.2.3
96 silly idealTree ├── json-stable-stringify@1.0.1
96 silly idealTree ├── json-stringify-safe@5.0.1
96 silly idealTree ├── jsonify@0.0.0
96 silly idealTree ├─┬ jsprim@1.4.0
96 silly idealTree │ └── assert-plus@1.0.0
96 silly idealTree ├── mime-db@1.27.0
96 silly idealTree ├── mime-types@2.1.15
96 silly idealTree ├── mongodb-core@2.1.12
96 silly idealTree ├── mongodb@2.2.28
96 silly idealTree ├── nan@2.6.2
96 silly idealTree ├── oauth-sign@0.8.2
96 silly idealTree ├── performance-now@0.2.0
96 silly idealTree ├── process-nextick-args@1.0.7
96 silly idealTree ├── punycode@1.4.1
96 silly idealTree ├── qs@6.4.0
96 silly idealTree ├── readable-stream@2.2.7
96 silly idealTree ├── request@2.81.0
96 silly idealTree ├── require_optional@1.0.0
96 silly idealTree ├── resolve-from@2.0.0
96 silly idealTree ├── safe-buffer@5.1.0
96 silly idealTree ├── semver@5.3.0
96 silly idealTree ├── sentiment@4.0.0
96 silly idealTree ├── sleep@5.1.1
96 silly idealTree ├── sntp@1.0.9
96 silly idealTree ├─┬ sshpk@1.13.0
96 silly idealTree │ └── assert-plus@1.0.0
96 silly idealTree ├─┬ string_decoder@1.0.2
96 silly idealTree │ └── safe-buffer@5.0.1
96 silly idealTree ├── stringstream@0.0.5
96 silly idealTree ├── tough-cookie@2.3.2
96 silly idealTree ├── tunnel-agent@0.6.0
96 silly idealTree ├── tweetnacl@0.14.5
96 silly idealTree ├── twitter@1.7.0
96 silly idealTree ├── urlcode-json@0.0.5
96 silly idealTree ├── util-deprecate@1.0.2
96 silly idealTree ├── uuid@3.0.1
96 silly idealTree └── verror@1.3.6
97 silly generateActionsToTake Starting
98 silly install generateActionsToTake
99 silly generateActionsToTake Finishing
100 silly diffTrees action count 6
101 silly diffTrees add nan@2.6.2
102 silly diffTrees update mongodb@2.2.28
103 silly diffTrees update sentiment@4.0.0
104 silly diffTrees add sleep@5.1.1
105 silly diffTrees update twitter@1.7.0
106 silly diffTrees update urlcode-json@0.0.5
107 silly decomposeActions action count 48
108 silly decomposeActions fetch nan@2.6.2
109 silly decomposeActions extract nan@2.6.2
110 silly decomposeActions test nan@2.6.2
111 silly decomposeActions preinstall nan@2.6.2
112 silly decomposeActions build nan@2.6.2
113 silly decomposeActions install nan@2.6.2
114 silly decomposeActions postinstall nan@2.6.2
115 silly decomposeActions finalize nan@2.6.2
116 silly decomposeActions fetch mongodb@2.2.28
117 silly decomposeActions extract mongodb@2.2.28
118 silly decomposeActions test mongodb@2.2.28
119 silly decomposeActions preinstall mongodb@2.2.28
120 silly decomposeActions build mongodb@2.2.28
121 silly decomposeActions install mongodb@2.2.28
122 silly decomposeActions postinstall mongodb@2.2.28
123 silly decomposeActions finalize mongodb@2.2.28
124 silly decomposeActions fetch sentiment@4.0.0
125 silly decomposeActions extract sentiment@4.0.0
126 silly decomposeActions test sentiment@4.0.0
127 silly decomposeActions preinstall sentiment@4.0.0
128 silly decomposeActions build sentiment@4.0.0
129 silly decomposeActions install sentiment@4.0.0
130 silly decomposeActions postinstall sentiment@4.0.0
131 silly decomposeActions finalize sentiment@4.0.0
132 silly decomposeActions fetch sleep@5.1.1
133 silly decomposeActions extract sleep@5.1.1
134 silly decomposeActions test sleep@5.1.1
135 silly decomposeActions preinstall sleep@5.1.1
136 silly decomposeActions build sleep@5.1.1
137 silly decomposeActions install sleep@5.1.1
138 silly decomposeActions postinstall sleep@5.1.1
139 silly decomposeActions finalize sleep@5.1.1
140 silly decomposeActions fetch twitter@1.7.0
141 silly decomposeActions extract twitter@1.7.0
142 silly decomposeActions test twitter@1.7.0
143 silly decomposeActions preinstall twitter@1.7.0
144 silly decomposeActions build twitter@1.7.0
145 silly decomposeActions install twitter@1.7.0
146 silly decomposeActions postinstall twitter@1.7.0
147 silly decomposeActions finalize twitter@1.7.0
148 silly decomposeActions fetch urlcode-json@0.0.5
149 silly decomposeActions extract urlcode-json@0.0.5
150 silly decomposeActions test urlcode-json@0.0.5
151 silly decomposeActions preinstall urlcode-json@0.0.5
152 silly decomposeActions build urlcode-json@0.0.5
153 silly decomposeActions install urlcode-json@0.0.5
154 silly decomposeActions postinstall urlcode-json@0.0.5
155 silly decomposeActions finalize urlcode-json@0.0.5
156 silly executeActions Starting
157 silly install executeActions
158 silly doSerial global-install 0
159 silly doParallel fetch 6
160 verbose lock using /home/criggs/.npm/_locks/staging-bc677c08ff4f2bb0.lock for /home/criggs/workspace/twitterFraud/node_modules/.staging
161 silly doParallel extract 6
162 silly extract nan@2.6.2
163 silly extract mongodb@2.2.28
164 silly extract sentiment@4.0.0
165 silly extract sleep@5.1.1
166 silly extract twitter@1.7.0
167 silly extract urlcode-json@0.0.5
168 verbose unbuild node_modules/.staging/nan-e2741ce9
169 verbose unbuild node_modules/.staging/sleep-5e7f3f59
170 silly gentlyRm /home/criggs/workspace/twitterFraud/node_modules/.staging/nan-e2741ce9 is being purged from base /home/criggs/workspace/twitterFraud
171 verbose gentlyRm don't care about contents; nuking /home/criggs/workspace/twitterFraud/node_modules/.staging/nan-e2741ce9
172 silly gentlyRm /home/criggs/workspace/twitterFraud/node_modules/.staging/sleep-5e7f3f59 is being purged from base /home/criggs/workspace/twitterFraud
173 verbose gentlyRm don't care about contents; nuking /home/criggs/workspace/twitterFraud/node_modules/.staging/sleep-5e7f3f59
174 verbose unbuild node_modules/.staging/twitter-c003e869
175 verbose tar unpack /home/criggs/.npm/nan/2.6.2/package.tgz
176 verbose tar unpacking to /home/criggs/workspace/twitterFraud/node_modules/.staging/nan-e2741ce9
177 silly gentlyRm /home/criggs/workspace/twitterFraud/node_modules/.staging/nan-e2741ce9 is being purged
178 verbose gentlyRm don't care about contents; nuking /home/criggs/workspace/twitterFraud/node_modules/.staging/nan-e2741ce9
179 verbose tar unpack /home/criggs/.npm/sleep/5.1.1/package.tgz
180 verbose tar unpacking to /home/criggs/workspace/twitterFraud/node_modules/.staging/sleep-5e7f3f59
181 silly gentlyRm /home/criggs/workspace/twitterFraud/node_modules/.staging/sleep-5e7f3f59 is being purged
182 verbose gentlyRm don't care about contents; nuking /home/criggs/workspace/twitterFraud/node_modules/.staging/sleep-5e7f3f59
183 verbose unbuild node_modules/.staging/sentiment-6d928f7b
184 silly gunzTarPerm modes [ '775', '664' ]
185 silly gunzTarPerm modes [ '775', '664' ]
186 silly gentlyRm /home/criggs/workspace/twitterFraud/node_modules/.staging/twitter-c003e869 is being purged from base /home/criggs/workspace/twitterFraud
187 verbose gentlyRm don't care about contents; nuking /home/criggs/workspace/twitterFraud/node_modules/.staging/twitter-c003e869
188 verbose unbuild node_modules/.staging/mongodb-06955e9a
189 verbose tar unpack /home/criggs/.npm/twitter/1.7.0/package.tgz
190 verbose tar unpacking to /home/criggs/workspace/twitterFraud/node_modules/.staging/twitter-c003e869
191 silly gentlyRm /home/criggs/workspace/twitterFraud/node_modules/.staging/twitter-c003e869 is being purged
192 verbose gentlyRm don't care about contents; nuking /home/criggs/workspace/twitterFraud/node_modules/.staging/twitter-c003e869
193 silly gentlyRm /home/criggs/workspace/twitterFraud/node_modules/.staging/sentiment-6d928f7b is being purged from base /home/criggs/workspace/twitterFraud
194 verbose gentlyRm don't care about contents; nuking /home/criggs/workspace/twitterFraud/node_modules/.staging/sentiment-6d928f7b
195 silly gunzTarPerm modes [ '775', '664' ]
196 verbose unbuild node_modules/.staging/urlcode-json-859f67ea
197 verbose tar unpack /home/criggs/.npm/sentiment/4.0.0/package.tgz
198 verbose tar unpacking to /home/criggs/workspace/twitterFraud/node_modules/.staging/sentiment-6d928f7b
199 silly gentlyRm /home/criggs/workspace/twitterFraud/node_modules/.staging/sentiment-6d928f7b is being purged
200 verbose gentlyRm don't care about contents; nuking /home/criggs/workspace/twitterFraud/node_modules/.staging/sentiment-6d928f7b
201 silly gentlyRm /home/criggs/workspace/twitterFraud/node_modules/.staging/mongodb-06955e9a is being purged from base /home/criggs/workspace/twitterFraud
202 verbose gentlyRm don't care about contents; nuking /home/criggs/workspace/twitterFraud/node_modules/.staging/mongodb-06955e9a
203 silly gunzTarPerm modes [ '775', '664' ]
204 verbose tar unpack /home/criggs/.npm/mongodb/2.2.28/package.tgz
205 verbose tar unpacking to /home/criggs/workspace/twitterFraud/node_modules/.staging/mongodb-06955e9a
206 silly gentlyRm /home/criggs/workspace/twitterFraud/node_modules/.staging/mongodb-06955e9a is being purged
207 verbose gentlyRm don't care about contents; nuking /home/criggs/workspace/twitterFraud/node_modules/.staging/mongodb-06955e9a
208 silly gentlyRm /home/criggs/workspace/twitterFraud/node_modules/.staging/urlcode-json-859f67ea is being purged from base /home/criggs/workspace/twitterFraud
209 verbose gentlyRm don't care about contents; nuking /home/criggs/workspace/twitterFraud/node_modules/.staging/urlcode-json-859f67ea
210 silly gunzTarPerm modes [ '775', '664' ]
211 verbose tar unpack /home/criggs/.npm/urlcode-json/0.0.5/package.tgz
212 verbose tar unpacking to /home/criggs/workspace/twitterFraud/node_modules/.staging/urlcode-json-859f67ea
213 silly gentlyRm /home/criggs/workspace/twitterFraud/node_modules/.staging/urlcode-json-859f67ea is being purged
214 verbose gentlyRm don't care about contents; nuking /home/criggs/workspace/twitterFraud/node_modules/.staging/urlcode-json-859f67ea
215 silly gunzTarPerm extractEntry package.json
216 silly gunzTarPerm extractEntry package.json
217 silly gunzTarPerm modes [ '775', '664' ]
218 silly gunzTarPerm extractEntry package.json
219 silly gunzTarPerm modified mode [ 'package.json', 420, 436 ]
220 silly gunzTarPerm extractEntry README.md
221 silly gunzTarPerm extractEntry include_dirs.js
222 silly gunzTarPerm extractEntry .npmignore
223 silly gunzTarPerm extractEntry README.md
224 silly gunzTarPerm extractEntry package.json
225 silly gunzTarPerm modified mode [ 'package.json', 420, 436 ]
226 silly gunzTarPerm extractEntry package.json
227 silly gunzTarPerm modified mode [ 'package.json', 420, 436 ]
228 silly gunzTarPerm extractEntry .npmignore
229 silly gunzTarPerm modified mode [ '.npmignore', 420, 436 ]
230 silly gunzTarPerm extractEntry README.md
231 silly gunzTarPerm modified mode [ 'README.md', 420, 436 ]
232 silly gunzTarPerm extractEntry .npmignore
233 silly gunzTarPerm modified mode [ '.npmignore', 420, 436 ]
234 silly gunzTarPerm extractEntry README.md
235 silly gunzTarPerm modified mode [ 'README.md', 420, 436 ]
236 silly gunzTarPerm extractEntry package.json
237 silly gunzTarPerm modified mode [ 'package.json', 420, 436 ]
238 silly gunzTarPerm extractEntry README.md
239 silly gunzTarPerm modified mode [ 'README.md', 420, 436 ]
240 silly gunzTarPerm extractEntry LICENSE
241 silly gunzTarPerm modified mode [ 'LICENSE', 420, 436 ]
242 silly gunzTarPerm extractEntry .npmignore
243 silly gunzTarPerm modified mode [ '.npmignore', 420, 436 ]
244 silly gunzTarPerm extractEntry README.md
245 silly gunzTarPerm modified mode [ 'README.md', 420, 436 ]
246 silly gunzTarPerm extractEntry nan_converters_43_inl.h
247 silly gunzTarPerm extractEntry LICENSE.md
248 silly gunzTarPerm extractEntry doc/new.md
249 silly gunzTarPerm extractEntry test.js
250 silly gunzTarPerm extractEntry index.js
251 silly gunzTarPerm extractEntry doc/asyncworker.md
252 silly gunzTarPerm extractEntry example.js
253 silly gunzTarPerm modified mode [ 'example.js', 420, 436 ]
254 silly gunzTarPerm extractEntry .eslintrc.js
255 silly gunzTarPerm modified mode [ '.eslintrc.js', 420, 436 ]
256 silly gunzTarPerm extractEntry Makefile
257 silly gunzTarPerm modified mode [ 'Makefile', 420, 436 ]
258 silly gunzTarPerm extractEntry .travis.yml
259 silly gunzTarPerm modified mode [ '.travis.yml', 420, 436 ]
260 silly gunzTarPerm extractEntry boot_auth.js
261 silly gunzTarPerm modified mode [ 'boot_auth.js', 420, 436 ]
262 silly gunzTarPerm extractEntry index.js
263 silly gunzTarPerm modified mode [ 'index.js', 420, 436 ]
264 silly gunzTarPerm extractEntry LICENSE.txt
265 silly gunzTarPerm extractEntry sleep.cc
266 silly gunzTarPerm extractEntry commandline.js
267 silly gunzTarPerm modified mode [ 'commandline.js', 420, 436 ]
268 silly gunzTarPerm extractEntry index.js
269 silly gunzTarPerm modified mode [ 'index.js', 420, 436 ]
270 silly gunzTarPerm extractEntry doc/callback.md
271 silly gunzTarPerm extractEntry doc/converters.md
272 silly gunzTarPerm extractEntry LICENSE.md
273 silly gunzTarPerm modified mode [ 'LICENSE.md', 420, 436 ]
274 silly gunzTarPerm extractEntry CNAME
275 silly gunzTarPerm modified mode [ 'CNAME', 420, 436 ]
276 silly gunzTarPerm extractEntry CONTRIBUTING.md
277 silly gunzTarPerm modified mode [ 'CONTRIBUTING.md', 420, 436 ]
278 silly gunzTarPerm extractEntry LICENSE.md
279 silly gunzTarPerm modified mode [ 'LICENSE.md', 420, 436 ]
280 silly gunzTarPerm extractEntry t.js
281 silly gunzTarPerm extractEntry t1.js
282 silly gunzTarPerm modified mode [ 't1.js', 420, 436 ]
283 silly gunzTarPerm extractEntry example/sample.js
284 silly gunzTarPerm modified mode [ 'example/sample.js', 420, 436 ]
285 silly gunzTarPerm extractEntry binding.gyp
286 silly gunzTarPerm extractEntry doc/errors.md
287 silly gunzTarPerm extractEntry doc/json.md
288 silly gunzTarPerm extractEntry lib/parser.js
289 silly gunzTarPerm modified mode [ 'lib/parser.js', 420, 436 ]
290 silly gunzTarPerm extractEntry lib/twitter.js
291 silly gunzTarPerm modified mode [ 'lib/twitter.js', 420, 436 ]
292 silly gunzTarPerm extractEntry .travis.yml
293 silly gunzTarPerm modified mode [ '.travis.yml', 420, 436 ]
294 silly gunzTarPerm extractEntry .eslintrc
295 silly gunzTarPerm modified mode [ '.eslintrc', 420, 436 ]
296 silly gunzTarPerm extractEntry build/build.js
297 silly gunzTarPerm modified mode [ 'build/build.js', 420, 436 ]
298 silly gunzTarPerm extractEntry t2.js
299 silly gunzTarPerm modified mode [ 't2.js', 420, 436 ]
300 silly gunzTarPerm extractEntry insert_bench.js
301 silly gunzTarPerm modified mode [ 'insert_bench.js', 420, 436 ]
302 silly gunzTarPerm extractEntry doc/maybe_types.md
303 silly gunzTarPerm extractEntry doc/methods.md
304 silly gunzTarPerm extractEntry build/AFINN-en-165.txt
305 silly gunzTarPerm modified mode [ 'build/AFINN-en-165.txt', 420, 436 ]
306 silly gunzTarPerm extractEntry HISTORY.md
307 silly gunzTarPerm modified mode [ 'HISTORY.md', 420, 436 ]
308 silly gunzTarPerm extractEntry lib/admin.js
309 silly gunzTarPerm modified mode [ 'lib/admin.js', 420, 436 ]
310 silly gunzTarPerm extractEntry doc/buffers.md
311 silly gunzTarPerm extractEntry doc/node_misc.md
312 silly gunzTarPerm extractEntry build/AFINN.json
313 silly gunzTarPerm modified mode [ 'build/AFINN.json', 420, 436 ]
314 silly gunzTarPerm extractEntry build/Emoji_Sentiment_Data_v1.0.csv
315 silly gunzTarPerm modified mode [ 'build/Emoji_Sentiment_Data_v1.0.csv', 420, 436 ]
316 silly gunzTarPerm extractEntry lib/collection.js
317 silly gunzTarPerm modified mode [ 'lib/collection.js', 420, 436 ]
318 silly gunzTarPerm extractEntry doc/object_wrappers.md
319 silly gunzTarPerm extractEntry doc/persistent.md
320 silly gunzTarPerm extractEntry build/build.json
321 silly gunzTarPerm modified mode [ 'build/build.json', 420, 436 ]
322 silly gunzTarPerm extractEntry lib/index.js
323 silly gunzTarPerm modified mode [ 'lib/index.js', 420, 436 ]
324 silly gunzTarPerm extractEntry lib/command_cursor.js
325 silly gunzTarPerm modified mode [ 'lib/command_cursor.js', 420, 436 ]
326 silly gunzTarPerm extractEntry lib/cursor.js
327 silly gunzTarPerm modified mode [ 'lib/cursor.js', 420, 436 ]
328 silly gunzTarPerm extractEntry doc/scopes.md
329 silly gunzTarPerm extractEntry doc/script.md
330 silly gunzTarPerm extractEntry lib/tokenize.js
331 silly gunzTarPerm modified mode [ 'lib/tokenize.js', 420, 436 ]
332 silly gunzTarPerm extractEntry test/benchmark/performance.js
333 silly gunzTarPerm modified mode [ 'test/benchmark/performance.js', 420, 436 ]
334 silly gunzTarPerm extractEntry lib/db.js
335 silly gunzTarPerm modified mode [ 'lib/db.js', 420, 436 ]
336 silly gunzTarPerm extractEntry lib/url_parser.js
337 silly gunzTarPerm modified mode [ 'lib/url_parser.js', 420, 436 ]
338 silly gunzTarPerm extractEntry test/benchmark/validate.js
339 silly gunzTarPerm modified mode [ 'test/benchmark/validate.js', 420, 436 ]
340 silly gunzTarPerm extractEntry test/fixtures/corpus.js
341 silly gunzTarPerm modified mode [ 'test/fixtures/corpus.js', 420, 436 ]
342 silly gunzTarPerm extractEntry doc/string_bytes.md
343 silly gunzTarPerm extractEntry doc/v8_internals.md
344 silly gentlyRm /home/criggs/workspace/twitterFraud/node_modules/.staging/urlcode-json-859f67ea/node_modules is being purged
345 verbose gentlyRm don't care about contents; nuking /home/criggs/workspace/twitterFraud/node_modules/.staging/urlcode-json-859f67ea/node_modules
346 silly gunzTarPerm extractEntry lib/aggregation_cursor.js
347 silly gunzTarPerm modified mode [ 'lib/aggregation_cursor.js', 420, 436 ]
348 silly gunzTarPerm extractEntry lib/metadata.js
349 silly gunzTarPerm modified mode [ 'lib/metadata.js', 420, 436 ]
350 silly gentlyRm /home/criggs/workspace/twitterFraud/node_modules/.staging/sleep-5e7f3f59/node_modules is being purged
351 verbose gentlyRm don't care about contents; nuking /home/criggs/workspace/twitterFraud/node_modules/.staging/sleep-5e7f3f59/node_modules
352 silly gunzTarPerm extractEntry doc/v8_misc.md
353 silly gunzTarPerm extractEntry test/fixtures/fuzz.js
354 silly gunzTarPerm modified mode [ 'test/fixtures/fuzz.js', 420, 436 ]
355 silly gunzTarPerm extractEntry test/fixtures/amazon.json
356 silly gunzTarPerm modified mode [ 'test/fixtures/amazon.json', 420, 436 ]
357 silly gunzTarPerm extractEntry test/fixtures/imdb.json
358 silly gunzTarPerm modified mode [ 'test/fixtures/imdb.json', 420, 436 ]
359 silly gunzTarPerm extractEntry lib/mongo_client.js
360 silly gunzTarPerm modified mode [ 'lib/mongo_client.js', 420, 436 ]
361 silly gunzTarPerm extractEntry lib/mongos.js
362 silly gunzTarPerm modified mode [ 'lib/mongos.js', 420, 436 ]
363 silly gunzTarPerm extractEntry lib/read_preference.js
364 silly gunzTarPerm modified mode [ 'lib/read_preference.js', 420, 436 ]
365 silly gunzTarPerm extractEntry test/fixtures/yelp.json
366 silly gunzTarPerm modified mode [ 'test/fixtures/yelp.json', 420, 436 ]
367 silly gunzTarPerm extractEntry lib/authenticate.js
368 silly gunzTarPerm modified mode [ 'lib/authenticate.js', 420, 436 ]
369 silly gunzTarPerm extractEntry lib/replset.js
370 silly gunzTarPerm modified mode [ 'lib/replset.js', 420, 436 ]
371 silly gunzTarPerm extractEntry nan.h
372 silly gunzTarPerm extractEntry nan_callbacks.h
373 silly gunzTarPerm extractEntry lib/apm.js
374 silly gunzTarPerm modified mode [ 'lib/apm.js', 420, 436 ]
375 silly gunzTarPerm extractEntry lib/server.js
376 silly gunzTarPerm modified mode [ 'lib/server.js', 420, 436 ]
377 silly gunzTarPerm extractEntry test/integration/async_negative.js
378 silly gunzTarPerm modified mode [ 'test/integration/async_negative.js', 420, 436 ]
379 silly gunzTarPerm extractEntry test/integration/gh_12.js
380 silly gunzTarPerm modified mode [ 'test/integration/gh_12.js', 420, 436 ]
381 silly gunzTarPerm extractEntry test/integration/gh_13.js
382 silly gunzTarPerm modified mode [ 'test/integration/gh_13.js', 420, 436 ]
383 silly gunzTarPerm extractEntry test/integration/gh_85.js
384 silly gunzTarPerm modified mode [ 'test/integration/gh_85.js', 420, 436 ]
385 silly gunzTarPerm extractEntry test/integration/sync_corpus.js
386 silly gunzTarPerm modified mode [ 'test/integration/sync_corpus.js', 420, 436 ]
387 silly gunzTarPerm extractEntry nan_callbacks_12_inl.h
388 silly gunzTarPerm extractEntry nan_callbacks_pre_12_inl.h
389 silly gunzTarPerm extractEntry nan_converters.h
390 silly gentlyRm /home/criggs/workspace/twitterFraud/node_modules/.staging/twitter-c003e869/node_modules is being purged
391 verbose gentlyRm don't care about contents; nuking /home/criggs/workspace/twitterFraud/node_modules/.staging/twitter-c003e869/node_modules
392 silly gunzTarPerm extractEntry test/integration/async_positive_text_and_emoji.js
393 silly gunzTarPerm modified mode [ 'test/integration/async_positive_text_and_emoji.js', 420, 436 ]
394 silly gunzTarPerm extractEntry nan_converters_pre_43_inl.h
395 silly gunzTarPerm extractEntry lib/topology_base.js
396 silly gunzTarPerm modified mode [ 'lib/topology_base.js', 420, 436 ]
397 silly gunzTarPerm extractEntry lib/utils.js
398 silly gunzTarPerm modified mode [ 'lib/utils.js', 420, 436 ]
399 silly gunzTarPerm extractEntry lib/gridfs/chunk.js
400 silly gunzTarPerm modified mode [ 'lib/gridfs/chunk.js', 420, 436 ]
401 silly gunzTarPerm extractEntry lib/gridfs/grid_store.js
402 silly gunzTarPerm modified mode [ 'lib/gridfs/grid_store.js', 420, 436 ]
403 silly gunzTarPerm extractEntry test/integration/sync_inject.js
404 silly gunzTarPerm modified mode [ 'test/integration/sync_inject.js', 420, 436 ]
405 silly gunzTarPerm extractEntry test/integration/sync_negation.js
406 silly gunzTarPerm modified mode [ 'test/integration/sync_negation.js', 420, 436 ]
407 silly gunzTarPerm extractEntry test/integration/sync_negative.js
408 silly gunzTarPerm modified mode [ 'test/integration/sync_negative.js', 420, 436 ]
409 silly gunzTarPerm extractEntry nan_implementation_12_inl.h
410 silly gunzTarPerm extractEntry nan_implementation_pre_12_inl.h
411 silly gunzTarPerm extractEntry nan_json.h
412 silly gunzTarPerm extractEntry test/integration/sync_negative_text_and_emoji.js
413 silly gunzTarPerm modified mode [ 'test/integration/sync_negative_text_and_emoji.js', 420, 436 ]
414 silly gunzTarPerm extractEntry nan_maybe_43_inl.h
415 silly gunzTarPerm extractEntry test/integration/sync_positive.js
416 silly gunzTarPerm modified mode [ 'test/integration/sync_positive.js', 420, 436 ]
417 silly gunzTarPerm extractEntry test/integration/async_positive.js
418 silly gunzTarPerm modified mode [ 'test/integration/async_positive.js', 420, 436 ]
419 silly gunzTarPerm extractEntry lib/bulk/common.js
420 silly gunzTarPerm modified mode [ 'lib/bulk/common.js', 420, 436 ]
421 silly gunzTarPerm extractEntry lib/bulk/ordered.js
422 silly gunzTarPerm modified mode [ 'lib/bulk/ordered.js', 420, 436 ]
423 silly gunzTarPerm extractEntry test/integration/sync_positive_text_and_emoji.js
424 silly gunzTarPerm modified mode [ 'test/integration/sync_positive_text_and_emoji.js', 420, 436 ]
425 silly gunzTarPerm extractEntry lib/bulk/unordered.js
426 silly gunzTarPerm modified mode [ 'lib/bulk/unordered.js', 420, 436 ]
427 silly gunzTarPerm extractEntry lib/gridfs-stream/download.js
428 silly gunzTarPerm modified mode [ 'lib/gridfs-stream/download.js', 420, 436 ]
429 silly gunzTarPerm extractEntry nan_maybe_pre_43_inl.h
430 silly gunzTarPerm extractEntry nan_new.h
431 silly gunzTarPerm extractEntry lib/gridfs-stream/index.js
432 silly gunzTarPerm modified mode [ 'lib/gridfs-stream/index.js', 420, 436 ]
433 silly gunzTarPerm extractEntry lib/gridfs-stream/upload.js
434 silly gunzTarPerm modified mode [ 'lib/gridfs-stream/upload.js', 420, 436 ]
435 silly gunzTarPerm extractEntry .eslintrc
436 silly gunzTarPerm modified mode [ '.eslintrc', 420, 436 ]
437 silly gunzTarPerm extractEntry test/integration/async_negative_text_and_emoji.js
438 silly gunzTarPerm modified mode [ 'test/integration/async_negative_text_and_emoji.js', 420, 436 ]
439 silly gunzTarPerm extractEntry test/integration/sync_undefined.js
440 silly gunzTarPerm modified mode [ 'test/integration/sync_undefined.js', 420, 436 ]
441 silly gunzTarPerm extractEntry test/integration/sync_fuzz.js
442 silly gunzTarPerm modified mode [ 'test/integration/sync_fuzz.js', 420, 436 ]
443 silly gunzTarPerm extractEntry .coveralls.yml
444 silly gunzTarPerm modified mode [ '.coveralls.yml', 420, 436 ]
445 silly gunzTarPerm extractEntry test/unit/spec.js
446 silly gunzTarPerm modified mode [ 'test/unit/spec.js', 420, 436 ]
447 silly gunzTarPerm extractEntry nan_object_wrap.h
448 silly gunzTarPerm extractEntry nan_persistent_12_inl.h
449 silly gunzTarPerm extractEntry Makefile
450 silly gunzTarPerm modified mode [ 'Makefile', 420, 436 ]
451 silly gunzTarPerm extractEntry test/unit/tokenize.js
452 silly gunzTarPerm modified mode [ 'test/unit/tokenize.js', 420, 436 ]
453 silly gunzTarPerm extractEntry nan_persistent_pre_12_inl.h
454 silly gunzTarPerm extractEntry nan_private.h
455 silly gunzTarPerm extractEntry THIRD-PARTY-NOTICES
456 silly gunzTarPerm modified mode [ 'THIRD-PARTY-NOTICES', 420, 436 ]
457 silly gunzTarPerm extractEntry conf.json
458 silly gunzTarPerm modified mode [ 'conf.json', 420, 436 ]
459 silly gunzTarPerm extractEntry nan_string_bytes.h
460 silly gunzTarPerm extractEntry nan_typedarray_contents.h
461 silly gunzTarPerm extractEntry yarn.lock
462 silly gunzTarPerm modified mode [ 'yarn.lock', 420, 436 ]
463 silly gunzTarPerm extractEntry nan_weak.h
464 silly gunzTarPerm extractEntry CHANGELOG.md
465 silly gunzTarPerm extractEntry tools/package.json
466 silly gunzTarPerm extractEntry tools/README.md
467 silly gunzTarPerm extractEntry tools/1to2.js
468 silly gentlyRm /home/criggs/workspace/twitterFraud/node_modules/.staging/sentiment-6d928f7b/node_modules is being purged
469 verbose gentlyRm don't care about contents; nuking /home/criggs/workspace/twitterFraud/node_modules/.staging/sentiment-6d928f7b/node_modules
470 silly gentlyRm /home/criggs/workspace/twitterFraud/node_modules/.staging/nan-e2741ce9/node_modules is being purged
471 verbose gentlyRm don't care about contents; nuking /home/criggs/workspace/twitterFraud/node_modules/.staging/nan-e2741ce9/node_modules
472 silly gentlyRm /home/criggs/workspace/twitterFraud/node_modules/.staging/mongodb-06955e9a/node_modules is being purged
473 verbose gentlyRm don't care about contents; nuking /home/criggs/workspace/twitterFraud/node_modules/.staging/mongodb-06955e9a/node_modules
474 silly doParallel preinstall 6
475 silly preinstall nan@2.6.2 /home/criggs/workspace/twitterFraud/node_modules/.staging/nan-e2741ce9
476 info lifecycle nan@2.6.2~preinstall: nan@2.6.2
477 silly preinstall mongodb@2.2.28 /home/criggs/workspace/twitterFraud/node_modules/.staging/mongodb-06955e9a
478 info lifecycle mongodb@2.2.28~preinstall: mongodb@2.2.28
479 silly preinstall sentiment@4.0.0 /home/criggs/workspace/twitterFraud/node_modules/.staging/sentiment-6d928f7b
480 info lifecycle sentiment@4.0.0~preinstall: sentiment@4.0.0
481 silly preinstall sleep@5.1.1 /home/criggs/workspace/twitterFraud/node_modules/.staging/sleep-5e7f3f59
482 info lifecycle sleep@5.1.1~preinstall: sleep@5.1.1
483 silly preinstall twitter@1.7.0 /home/criggs/workspace/twitterFraud/node_modules/.staging/twitter-c003e869
484 info lifecycle twitter@1.7.0~preinstall: twitter@1.7.0
485 silly preinstall urlcode-json@0.0.5 /home/criggs/workspace/twitterFraud/node_modules/.staging/urlcode-json-859f67ea
486 info lifecycle urlcode-json@0.0.5~preinstall: urlcode-json@0.0.5
487 silly lifecycle nan@2.6.2~preinstall: no script for preinstall, continuing
488 silly lifecycle mongodb@2.2.28~preinstall: no script for preinstall, continuing
489 silly lifecycle sentiment@4.0.0~preinstall: no script for preinstall, continuing
490 silly lifecycle sleep@5.1.1~preinstall: no script for preinstall, continuing
491 silly lifecycle twitter@1.7.0~preinstall: no script for preinstall, continuing
492 silly lifecycle urlcode-json@0.0.5~preinstall: no script for preinstall, continuing
493 silly doReverseSerial remove 0
494 silly doSerial move 0
495 silly doSerial finalize 6
496 silly finalize /home/criggs/workspace/twitterFraud/node_modules/nan
497 silly finalize /home/criggs/workspace/twitterFraud/node_modules/mongodb
498 silly finalize /home/criggs/workspace/twitterFraud/node_modules/sentiment
499 silly finalize /home/criggs/workspace/twitterFraud/node_modules/sleep
500 silly finalize /home/criggs/workspace/twitterFraud/node_modules/twitter
501 silly finalize /home/criggs/workspace/twitterFraud/node_modules/urlcode-json
502 silly doSerial build 6
503 silly build nan@2.6.2
504 info linkStuff nan@2.6.2
505 silly linkStuff nan@2.6.2 has /home/criggs/workspace/twitterFraud/node_modules as its parent node_modules
506 verbose linkBins nan@2.6.2
507 verbose linkMans nan@2.6.2
508 silly build mongodb@2.2.28
509 info linkStuff mongodb@2.2.28
510 silly linkStuff mongodb@2.2.28 has /home/criggs/workspace/twitterFraud/node_modules as its parent node_modules
511 verbose linkBins mongodb@2.2.28
512 verbose linkMans mongodb@2.2.28
513 silly build sentiment@4.0.0
514 info linkStuff sentiment@4.0.0
515 silly linkStuff sentiment@4.0.0 has /home/criggs/workspace/twitterFraud/node_modules as its parent node_modules
516 verbose linkBins sentiment@4.0.0
517 verbose linkMans sentiment@4.0.0
518 silly build sleep@5.1.1
519 info linkStuff sleep@5.1.1
520 silly linkStuff sleep@5.1.1 has /home/criggs/workspace/twitterFraud/node_modules as its parent node_modules
521 verbose linkBins sleep@5.1.1
522 verbose linkMans sleep@5.1.1
523 silly build twitter@1.7.0
524 info linkStuff twitter@1.7.0
525 silly linkStuff twitter@1.7.0 has /home/criggs/workspace/twitterFraud/node_modules as its parent node_modules
526 verbose linkBins twitter@1.7.0
527 verbose linkMans twitter@1.7.0
528 silly build urlcode-json@0.0.5
529 info linkStuff urlcode-json@0.0.5
530 silly linkStuff urlcode-json@0.0.5 has /home/criggs/workspace/twitterFraud/node_modules as its parent node_modules
531 verbose linkBins urlcode-json@0.0.5
532 verbose linkMans urlcode-json@0.0.5
533 silly doSerial global-link 0
534 silly doParallel update-linked 0
535 silly doSerial install 6
536 silly install nan@2.6.2 /home/criggs/workspace/twitterFraud/node_modules/.staging/nan-e2741ce9
537 info lifecycle nan@2.6.2~install: nan@2.6.2
538 silly lifecycle nan@2.6.2~install: no script for install, continuing
539 silly install mongodb@2.2.28 /home/criggs/workspace/twitterFraud/node_modules/.staging/mongodb-06955e9a
540 info lifecycle mongodb@2.2.28~install: mongodb@2.2.28
541 silly lifecycle mongodb@2.2.28~install: no script for install, continuing
542 silly install sentiment@4.0.0 /home/criggs/workspace/twitterFraud/node_modules/.staging/sentiment-6d928f7b
543 info lifecycle sentiment@4.0.0~install: sentiment@4.0.0
544 silly lifecycle sentiment@4.0.0~install: no script for install, continuing
545 silly install sleep@5.1.1 /home/criggs/workspace/twitterFraud/node_modules/.staging/sleep-5e7f3f59
546 info lifecycle sleep@5.1.1~install: sleep@5.1.1
547 verbose lifecycle sleep@5.1.1~install: unsafe-perm in lifecycle true
548 verbose lifecycle sleep@5.1.1~install: PATH: /usr/share/npm/bin/node-gyp-bin:/home/criggs/workspace/twitterFraud/node_modules/sleep/node_modules/.bin:/home/criggs/workspace/twitterFraud/node_modules/.bin:/home/criggs/bin:/home/criggs/.local/bin:/usr/local/sbin:/usr/local/bin:/usr/sbin:/usr/bin:/sbin:/bin:/usr/games:/usr/local/games:/snap/bin
549 verbose lifecycle sleep@5.1.1~install: CWD: /home/criggs/workspace/twitterFraud/node_modules/sleep
550 silly lifecycle sleep@5.1.1~install: Args: [ '-c', 'node-gyp rebuild' ]
551 silly lifecycle sleep@5.1.1~install: Returned: code: 1  signal: null
552 info lifecycle sleep@5.1.1~install: Failed to exec install script
553 verbose unlock done using /home/criggs/.npm/_locks/staging-bc677c08ff4f2bb0.lock for /home/criggs/workspace/twitterFraud/node_modules/.staging
554 silly rollbackFailedOptional Starting
555 silly rollbackFailedOptional Finishing
556 silly runTopLevelLifecycles Starting
557 silly runTopLevelLifecycles Finishing
558 silly install printInstalled
559 warn fraud-detection@1.0.0 No description
560 warn fraud-detection@1.0.0 No repository field.
561 verbose stack Error: sleep@5.1.1 install: `node-gyp rebuild`
561 verbose stack Exit status 1
561 verbose stack     at EventEmitter.<anonymous> (/usr/share/npm/lib/utils/lifecycle.js:232:16)
561 verbose stack     at emitTwo (events.js:87:13)
561 verbose stack     at EventEmitter.emit (events.js:172:7)
561 verbose stack     at ChildProcess.<anonymous> (/usr/share/npm/lib/utils/spawn.js:24:14)
561 verbose stack     at emitTwo (events.js:87:13)
561 verbose stack     at ChildProcess.emit (events.js:172:7)
561 verbose stack     at maybeClose (internal/child_process.js:821:16)
561 verbose stack     at Process.ChildProcess._handle.onexit (internal/child_process.js:211:5)
562 verbose pkgid sleep@5.1.1
563 verbose cwd /home/criggs/workspace/twitterFraud
564 error Linux 4.8.0-54-generic
565 error argv "/usr/bin/nodejs" "/usr/bin/npm" "install" "sleep"
566 error node v4.2.6
567 error npm  v3.5.2
568 error code ELIFECYCLE
569 error sleep@5.1.1 install: `node-gyp rebuild`
569 error Exit status 1
570 error Failed at the sleep@5.1.1 install script 'node-gyp rebuild'.
570 error Make sure you have the latest version of node.js and npm installed.
570 error If you do, this is most likely a problem with the sleep package,
570 error not with npm itself.
570 error Tell the author that this fails on your system:
570 error     node-gyp rebuild
570 error You can get information on how to open an issue for this project with:
570 error     npm bugs sleep
570 error Or if that isn't available, you can get their info via:
570 error     npm owner ls sleep
570 error There is likely additional logging output above.
571 verbose exit [ 1, true ]
